<testsuites id="" name="" tests="5" failures="0" skipped="0" errors="0" time="158.10251700000003">
<testsuite name="src/test/features/journeys/Arrange-Sequential-Appointments.feature.spec.js" timestamp="2026-03-13T11:30:31.104Z" hostname="chromium" tests="5" failures="0" skipped="0" time="153.234" errors="0">
<testcase name="Create Appointments › Create Future Appointment for &lt;ScenarioName&gt; › Create Future Appointment for Sequential" classname="src/test/features/journeys/Arrange-Sequential-Appointments.feature.spec.js" time="71.179">
<system-out>
<![CDATA[Person details: {
  firstName: [32m'Kim'[39m,
  lastName: [32m'Sporer'[39m,
  sex: [32m'Male'[39m,
  dob: [35m1982-04-23T08:05:57.708Z[39m,
  pnc: [32m'1982/2566661W'[39m
}
CRN: X991662
deliusCreateOffender: 12.369s
Offender Created, CRN:  X991662
manageCreateOffender: 12.384s
text: yes-add
mobile: 07771 900 900
formattedDate: Saturday 14 March
formattedStartTime: 3:15pm
location Id : 0
SMS Text (YES_ADD): [DEV]Dear Kim,
You have an appointment at Wrexham Team Office on Saturday 14 March at 3:15pm.
This is an automated message. Do not reply.

[[ATTACHMENT|test-results/src-test-features-journeys-caceb--Appointment-for-Sequential-chromium/trace.zip]]
]]>
</system-out>
</testcase>
<testcase name="Create Appointments › Create Similar Appointment for &lt;ScenarioName&gt; › Create Similar Appointment for Sequential" classname="src/test/features/journeys/Arrange-Sequential-Appointments.feature.spec.js" time="14.416">
<system-out>
<![CDATA[text: yes-update
mobile: 07771 900 900
formattedDate: [90mundefined[39m
formattedStartTime: [90mundefined[39m
SMS Text (YES_UPDATE): [DEV]Dear Kim,
You have an appointment at Wrexham Team Office on Friday 20 March at 3:15pm.
This is an automated message. Do not reply.

[[ATTACHMENT|test-results/src-test-features-journeys-ba6cd--Appointment-for-Sequential-chromium/trace.zip]]
]]>
</system-out>
</testcase>
<testcase name="Create Appointments › Create Another Appointment for &lt;ScenarioName&gt; › Create Another Appointment for Sequential" classname="src/test/features/journeys/Arrange-Sequential-Appointments.feature.spec.js" time="22.137">
<system-out>
<![CDATA[text: no
mobile: [90mundefined[39m
formattedDate: Saturday 13 June
formattedStartTime: 3:15pm
SMS Text (No): [DEV]Dear Kim,
You have an appointment at Wrexham Team Office on Saturday 13 June at 3:15pm.
This is an automated message. Do not reply.

[[ATTACHMENT|test-results/src-test-features-journeys-b05c6--Appointment-for-Sequential-chromium/trace.zip]]
]]>
</system-out>
</testcase>
<testcase name="Create Appointments › Reschedule an appointment for &lt;ScenarioName&gt; › Reschedule an appointment for Sequential" classname="src/test/features/journeys/Arrange-Sequential-Appointments.feature.spec.js" time="19.88">
<system-out>
<![CDATA[text: no
mobile: [90mundefined[39m
formattedDate: [90mundefined[39m
formattedStartTime: [90mundefined[39m
SMS Text (No): [DEV]Dear Kim,
You have an appointment at Wrexham Team Office on Sunday 13 September at 3:15pm.
This is an automated message. Do not reply.

[[ATTACHMENT|test-results/src-test-features-journeys-27ca5--appointment-for-Sequential-chromium/trace.zip]]
]]>
</system-out>
</testcase>
<testcase name="Create Appointments › Reschedule an appointment in past for &lt;ScenarioName&gt; › Reschedule an appointment in past for Sequential" classname="src/test/features/journeys/Arrange-Sequential-Appointments.feature.spec.js" time="25.622">
<system-out>
<![CDATA[past appointment
appointment in past. no outlook event

[[ATTACHMENT|test-results/src-test-features-journeys-e8ef7-ment-in-past-for-Sequential-chromium/trace.zip]]
]]>
</system-out>
</testcase>
</testsuite>
</testsuites>