<testsuites id="" name="" tests="2" failures="0" skipped="0" errors="0" time="142.754899">
<testsuite name="src/test/features/journeys/Arrange-Sequential-Appointments.feature.spec.js" timestamp="2026-02-20T11:59:30.784Z" hostname="chromium" tests="2" failures="0" skipped="0" time="137.13" errors="0">
<testcase name="Create Appointments › Create Future Appointment for &lt;ScenarioName&gt; › Create Future Appointment for Scenario 2" classname="src/test/features/journeys/Arrange-Sequential-Appointments.feature.spec.js" time="69.143">
<system-out>
<![CDATA[Person details: {
  firstName: [32m'Joel'[39m,
  lastName: [32m'Raynor'[39m,
  sex: [32m'Male'[39m,
  dob: [35m1969-07-12T17:07:02.976Z[39m,
  pnc: [32m'1969/0826545T'[39m
}
CRN: X987098
createOffender-forced: 10.083s
Forced offender creation, CRN:  X987098
{
  sentenceId: [32m'0'[39m,
  typeId: [32m'0'[39m,
  attendee: { team: [32m'N07AAT'[39m, user: [32m'jsftest'[39m },
  isVisor: [90mundefined[39m,
  dateTime: { date: [32m'21/2/2026'[39m, startTime: [32m'15:15'[39m, endTime: [32m'16:15'[39m },
  locationId: [32m'0'[39m,
  text: [32m'yes-add'[39m,
  mobile: [32m'07771900900'[39m,
  note: [32m'Test note2'[39m,
  sensitivity: [33mfalse[39m
}

[[ATTACHMENT|test-results/src-test-features-journeys-81928--Appointment-for-Scenario-2-chromium/trace.zip]]
]]>
</system-out>
</testcase>
<testcase name="Create Appointments › Create Future Appointment for &lt;ScenarioName&gt; › Create Future Appointment for Scenario 3" classname="src/test/features/journeys/Arrange-Sequential-Appointments.feature.spec.js" time="67.987">
<system-out>
<![CDATA[Person details: {
  firstName: [32m'Gloria'[39m,
  lastName: [32m'Tremblay'[39m,
  sex: [32m'Female'[39m,
  dob: [35m1978-04-02T20:10:07.867Z[39m,
  pnc: [32m'1978/7821710V'[39m
}
CRN: X987100
createOffender-forced: 10.111s
Forced offender creation, CRN:  X987100
{
  sentenceId: [32m'0'[39m,
  typeId: [32m'0'[39m,
  attendee: { team: [32m'N07AAT'[39m, user: [32m'jsftest'[39m },
  isVisor: [90mundefined[39m,
  dateTime: { date: [32m'21/2/2026'[39m, startTime: [32m'15:15'[39m, endTime: [32m'16:15'[39m },
  locationId: [32m'0'[39m,
  text: [32m'no'[39m,
  mobile: [32m'07771900900'[39m,
  note: [32m'Test note3'[39m,
  sensitivity: [33mfalse[39m
}

[[ATTACHMENT|test-results/src-test-features-journeys-f63bc--Appointment-for-Scenario-3-chromium/trace.zip]]
]]>
</system-out>
</testcase>
</testsuite>
</testsuites>